<?xml version="1.0" encoding="UTF-8"?>
<!-- Generated by org.testng.reporters.JUnitXMLReporter -->
<testsuite hostname="rix31214" ignored="0" name="Surefire test" tests="6" failures="0" timestamp="05 nov. 2018 09:24:09 GMT" time="0.03" errors="0">
  <testcase name="IOSApps" time="0.005" classname="gaclickacademy.AppiumTest"/>
  <testcase name="NativeAndroid" time="0.0" classname="gaclickacademy.AppiumTest"/>
  <testcase name="REST1" time="0.001" classname="gaclickacademy.RESTAPITest"/>
  <testcase name="REST2" time="0.0" classname="gaclickacademy.RESTAPITest"/>
  <testcase name="BrowserAutomation1" time="0.0" classname="gaclickacademy.SeleniumTest"/>
  <testcase name="BrowserAutomation2" time="0.001" classname="gaclickacademy.SeleniumTest"/>
</testsuite> <!-- Surefire test -->
